2020-02-04 01:34:12   INFO [libs.ActionWithWebElements] : Successful inputting.
2020-02-04 01:34:12   INFO [libs.ActionWithWebElements] : Successful inputting.
2020-02-04 01:34:13   INFO [libs.ActionWithWebElements] : Successful clicking. 
2020-02-04 01:34:13   INFO [libs.ActionWithWebElements] : Successful clicking. 
2020-02-04 01:34:14   INFO [libs.ActionWithWebElements] : Successful clicking. 
2020-02-04 01:34:15   INFO [libs.ActionWithWebElements] : Successful clicking. 
2020-02-04 01:34:15   INFO [libs.ActionWithWebElements] : Successful inputting.
2020-02-04 01:34:15   INFO [libs.ActionWithWebElements] : Successful inputting.
2020-02-04 01:34:15   INFO [libs.ActionWithWebElements] : Successful inputting.
2020-02-04 01:34:16   INFO [libs.ActionWithWebElements] : Successful inputting.
2020-02-04 01:34:16   INFO [libs.ActionWithWebElements] : Successful clicking. 
2020-02-04 01:38:40   INFO [libs.ActionWithWebElements] : Successful inputting.
2020-02-04 01:38:41   INFO [libs.ActionWithWebElements] : Successful inputting.
2020-02-04 01:38:43   INFO [libs.ActionWithWebElements] : Successful clicking. 
2020-02-04 01:38:43   INFO [libs.ActionWithWebElements] : Successful clicking. 
2020-02-04 01:38:44   INFO [libs.ActionWithWebElements] : Successful clicking. 
2020-02-04 01:38:44   INFO [libs.ActionWithWebElements] : Successful clicking. 
2020-02-04 01:38:45   INFO [libs.ActionWithWebElements] : Successful inputting.
2020-02-04 01:38:45   INFO [libs.ActionWithWebElements] : Successful inputting.
2020-02-04 01:38:45   INFO [libs.ActionWithWebElements] : Successful inputting.
2020-02-04 01:38:45   INFO [libs.ActionWithWebElements] : Successful inputting.
2020-02-04 01:38:46   INFO [libs.ActionWithWebElements] : Successful clicking. 
2020-04-04 14:05:26   INFO [pages.LoginPage] : Page login was opened.
2020-04-04 14:05:27   INFO [libs.ActionWithWebElements] : Successful inputting.
2020-04-04 14:05:28   INFO [libs.ActionWithWebElements] : Successful inputting.
2020-04-04 14:05:32   INFO [libs.ActionWithWebElements] : Successful clicking. 
2020-04-04 14:05:35   INFO [libs.ActionWithWebElements] : Successful clicking. 
2020-04-04 14:05:37   INFO [libs.ActionWithWebElements] : Successful clicking. 
2020-04-04 14:05:38   INFO [libs.ActionWithWebElements] : Successful selecting from drop down.
2020-04-04 14:05:39   INFO [libs.ActionWithWebElements] : Successful selecting from drop down.
2020-04-04 14:05:40   INFO [libs.ActionWithWebElements] : Successful selecting from drop down.
2020-04-04 14:05:41   INFO [libs.ActionWithWebElements] : Successful selecting from drop down.
2020-04-04 14:05:42   INFO [libs.ActionWithWebElements] : Successful selecting from drop down.
2020-04-04 14:05:43   INFO [libs.ActionWithWebElements] : Successful selecting from drop down.
2020-04-04 14:05:44   INFO [libs.ActionWithWebElements] : Successful selecting from drop down.
2020-04-04 14:05:44   INFO [libs.ActionWithWebElements] : Successful selecting from drop down.
2020-04-04 14:05:48   INFO [libs.ActionWithWebElements] : Successful clicking. 
2020-04-04 14:06:02   INFO [pages.LoginPage] : Page login was opened.
2020-04-04 14:06:03   INFO [libs.ActionWithWebElements] : Successful inputting.
2020-04-04 14:06:04   INFO [libs.ActionWithWebElements] : Successful inputting.
2020-04-04 14:06:08   INFO [libs.ActionWithWebElements] : Successful clicking. 
2020-04-04 14:06:09   INFO [libs.ActionWithWebElements] : Successful clicking. 
2020-04-04 14:06:12   INFO [libs.ActionWithWebElements] : Successful clicking. 
2020-04-04 14:06:14   INFO [libs.ActionWithWebElements] : Successful clicking. 
2020-04-04 14:06:15   INFO [libs.ActionWithWebElements] : Successful inputting.
2020-04-04 14:06:16   INFO [libs.ActionWithWebElements] : Successful inputting.
2020-04-04 14:06:26  ERROR [libs.ActionWithWebElements] : Something went wrong during clicking.
2020-04-04 14:06:26  ERROR [libs.ActionWithWebElements] : Something went wrong during getting text.
2020-04-04 14:06:40   INFO [pages.LoginPage] : Page login was opened.
2020-04-04 14:06:41   INFO [libs.ActionWithWebElements] : Successful inputting.
2020-04-04 14:06:42   INFO [libs.ActionWithWebElements] : Successful inputting.
2020-04-04 14:06:46   INFO [libs.ActionWithWebElements] : Successful clicking. 
2020-04-04 14:06:47   INFO [libs.ActionWithWebElements] : Successful clicking. 
2020-04-04 14:06:49   INFO [libs.ActionWithWebElements] : Successful clicking. 
2020-04-04 14:06:51   INFO [libs.ActionWithWebElements] : Successful clicking. 
2020-04-04 14:06:52   INFO [libs.ActionWithWebElements] : Successful inputting.
2020-04-04 14:06:53   INFO [libs.ActionWithWebElements] : Successful inputting.
2020-04-04 14:06:54   INFO [libs.ActionWithWebElements] : Successful inputting.
2020-04-04 14:06:55   INFO [libs.ActionWithWebElements] : Successful inputting.
2020-04-04 14:06:57   INFO [libs.ActionWithWebElements] : Successful clicking. 
2020-04-04 14:07:10   INFO [pages.LoginPage] : Page login was opened.
2020-04-04 14:07:11   INFO [libs.ActionWithWebElements] : Successful inputting.
2020-04-04 14:07:12   INFO [libs.ActionWithWebElements] : Successful inputting.
2020-04-04 14:07:15   INFO [libs.ActionWithWebElements] : Successful clicking. 
2020-04-04 14:07:15   INFO [libs.ActionWithWebElements] : Successful displaying checking.
2020-04-04 14:07:27   INFO [pages.LoginPage] : Page login was opened.
2020-04-04 14:07:28   INFO [libs.ActionWithWebElements] : Successful inputting.
2020-04-04 14:07:28   INFO [libs.ActionWithWebElements] : Successful inputting.
2020-04-04 14:07:30   INFO [libs.ActionWithWebElements] : Successful clicking. 
2020-04-04 14:07:30  ERROR [libs.ActionWithWebElements] : Something went wrong during checking element displaying.
2020-04-04 14:15:09   INFO [pages.LoginPage] : Page login was opened.
2020-04-04 14:15:11   INFO [libs.ActionWithWebElements] : Successful inputting.
2020-04-04 14:15:12   INFO [libs.ActionWithWebElements] : Successful inputting.
2020-04-04 14:15:15   INFO [libs.ActionWithWebElements] : Successful clicking. 
2020-04-04 14:15:17   INFO [libs.ActionWithWebElements] : Successful clicking. 
2020-04-04 14:15:19   INFO [libs.ActionWithWebElements] : Successful clicking. 
2020-04-04 14:15:20   INFO [libs.ActionWithWebElements] : Successful selecting from drop down.
2020-04-04 14:15:21   INFO [libs.ActionWithWebElements] : Successful selecting from drop down.
2020-04-04 14:15:22   INFO [libs.ActionWithWebElements] : Successful selecting from drop down.
2020-04-04 14:15:22   INFO [libs.ActionWithWebElements] : Successful selecting from drop down.
2020-04-04 14:15:23   INFO [libs.ActionWithWebElements] : Successful selecting from drop down.
2020-04-04 14:15:24   INFO [libs.ActionWithWebElements] : Successful selecting from drop down.
2020-04-04 14:15:24   INFO [libs.ActionWithWebElements] : Successful selecting from drop down.
2020-04-04 14:15:25   INFO [libs.ActionWithWebElements] : Successful selecting from drop down.
2020-04-04 14:15:27   INFO [libs.ActionWithWebElements] : Successful clicking. 
2020-04-04 14:15:39   INFO [pages.LoginPage] : Page login was opened.
2020-04-04 14:15:40   INFO [libs.ActionWithWebElements] : Successful inputting.
2020-04-04 14:15:41   INFO [libs.ActionWithWebElements] : Successful inputting.
2020-04-04 14:15:44   INFO [libs.ActionWithWebElements] : Successful clicking. 
2020-04-04 14:15:45   INFO [libs.ActionWithWebElements] : Successful clicking. 
2020-04-04 14:15:48   INFO [libs.ActionWithWebElements] : Successful clicking. 
2020-04-04 14:15:50   INFO [libs.ActionWithWebElements] : Successful clicking. 
2020-04-04 14:15:51   INFO [libs.ActionWithWebElements] : Successful inputting.
2020-04-04 14:15:51   INFO [libs.ActionWithWebElements] : Successful inputting.
2020-04-04 14:15:53   INFO [libs.ActionWithWebElements] : Successful clicking. 
2020-04-04 14:16:07   INFO [pages.LoginPage] : Page login was opened.
2020-04-04 14:16:08   INFO [libs.ActionWithWebElements] : Successful inputting.
2020-04-04 14:16:09   INFO [libs.ActionWithWebElements] : Successful inputting.
2020-04-04 14:16:11   INFO [libs.ActionWithWebElements] : Successful clicking. 
2020-04-04 14:16:12   INFO [libs.ActionWithWebElements] : Successful clicking. 
2020-04-04 14:16:15   INFO [libs.ActionWithWebElements] : Successful clicking. 
2020-04-04 14:16:16   INFO [libs.ActionWithWebElements] : Successful clicking. 
2020-04-04 14:16:18   INFO [libs.ActionWithWebElements] : Successful inputting.
2020-04-04 14:16:18   INFO [libs.ActionWithWebElements] : Successful inputting.
2020-04-04 14:16:19   INFO [libs.ActionWithWebElements] : Successful inputting.
2020-04-04 14:16:20   INFO [libs.ActionWithWebElements] : Successful inputting.
2020-04-04 14:16:21   INFO [libs.ActionWithWebElements] : Successful clicking. 
2020-04-04 14:16:35   INFO [pages.LoginPage] : Page login was opened.
2020-04-04 14:16:36   INFO [libs.ActionWithWebElements] : Successful inputting.
2020-04-04 14:16:37   INFO [libs.ActionWithWebElements] : Successful inputting.
2020-04-04 14:16:40   INFO [libs.ActionWithWebElements] : Successful clicking. 
2020-04-04 14:16:41   INFO [libs.ActionWithWebElements] : Successful displaying checking.
2020-04-04 14:16:54   INFO [pages.LoginPage] : Page login was opened.
2020-04-04 14:16:55   INFO [libs.ActionWithWebElements] : Successful inputting.
2020-04-04 14:16:55   INFO [libs.ActionWithWebElements] : Successful inputting.
2020-04-04 14:16:57   INFO [libs.ActionWithWebElements] : Successful clicking. 
2020-04-04 14:16:57  ERROR [libs.ActionWithWebElements] : Something went wrong during checking element displaying.
2020-04-04 14:48:31   INFO [pages.LoginPage] : Page login was opened.
2020-04-04 14:48:32   INFO [libs.ActionWithWebElements] : Successful inputting.
2020-04-04 14:48:33   INFO [libs.ActionWithWebElements] : Successful inputting.
2020-04-04 14:48:35   INFO [libs.ActionWithWebElements] : Successful clicking. 
2020-04-04 14:49:44   INFO [pages.LoginPage] : Page login was opened.
2020-04-04 14:49:45   INFO [libs.ActionWithWebElements] : Successful inputting.
2020-04-04 14:49:46   INFO [libs.ActionWithWebElements] : Successful inputting.
2020-04-04 14:49:49   INFO [libs.ActionWithWebElements] : Successful clicking. 
2020-04-04 14:50:41   INFO [pages.LoginPage] : Page login was opened.
2020-04-04 14:50:42   INFO [libs.ActionWithWebElements] : Successful inputting.
2020-04-04 14:50:43   INFO [libs.ActionWithWebElements] : Successful inputting.
2020-04-04 14:50:46   INFO [libs.ActionWithWebElements] : Successful clicking. 
